{"/repo/wsjbuild/jenkins-ci/.jenkins_home/jobs/loqui-client/workspace/lib/batch_queue.js":{"path":"/repo/wsjbuild/jenkins-ci/.jenkins_home/jobs/loqui-client/workspace/lib/batch_queue.js","s":{"1":1,"2":1,"3":1,"4":12,"5":12,"6":12,"7":12,"8":12,"9":12,"10":12,"11":12,"12":12,"13":12,"14":12,"15":12,"16":12,"17":12,"18":1,"19":10,"20":1,"21":9,"22":9,"23":9,"24":1,"25":9,"26":2,"27":2,"28":1,"29":7,"30":1,"31":6,"32":1,"33":1,"34":5,"35":3,"36":3,"37":1,"38":2,"39":2,"40":2,"41":6,"42":3,"43":6,"44":3,"45":3,"46":1,"47":3,"48":3,"49":3,"50":1,"51":3,"52":2,"53":2,"54":2,"55":2,"56":2,"57":1,"58":2,"59":1,"60":1,"61":2},"b":{"1":[12,2],"2":[1,9],"3":[1,8],"4":[2,7],"5":[9,3,1],"6":[1,1],"7":[1,6],"8":[1,5],"9":[3,2],"10":[1,2],"11":[3,1],"12":[3,3],"13":[3,3],"14":[6,3,0],"15":[2,1],"16":[1,1],"17":[1,1]},"f":{"1":12,"2":10,"3":2,"4":3,"5":3},"fnMap":{"1":{"name":"BatchQueue","line":5,"loc":{"start":{"line":5,"column":0},"end":{"line":5,"column":52}}},"2":{"name":"(anonymous_2)","line":29,"loc":{"start":{"line":29,"column":29},"end":{"line":29,"column":49}}},"3":{"name":"(anonymous_3)","line":40,"loc":{"start":{"line":40,"column":40},"end":{"line":40,"column":54}}},"4":{"name":"(anonymous_4)","line":81,"loc":{"start":{"line":81,"column":29},"end":{"line":81,"column":50}}},"5":{"name":"(anonymous_5)","line":103,"loc":{"start":{"line":103,"column":32},"end":{"line":103,"column":43}}}},"statementMap":{"1":{"start":{"line":1,"column":0},"end":{"line":1,"column":23}},"2":{"start":{"line":3,"column":0},"end":{"line":3,"column":38}},"3":{"start":{"line":5,"column":0},"end":{"line":26,"column":1}},"4":{"start":{"line":7,"column":2},"end":{"line":7,"column":23}},"5":{"start":{"line":8,"column":2},"end":{"line":8,"column":24}},"6":{"start":{"line":9,"column":2},"end":{"line":9,"column":28}},"7":{"start":{"line":10,"column":2},"end":{"line":10,"column":26}},"8":{"start":{"line":11,"column":2},"end":{"line":11,"column":30}},"9":{"start":{"line":12,"column":2},"end":{"line":12,"column":25}},"10":{"start":{"line":13,"column":2},"end":{"line":13,"column":91}},"11":{"start":{"line":14,"column":2},"end":{"line":14,"column":32}},"12":{"start":{"line":15,"column":2},"end":{"line":15,"column":34}},"13":{"start":{"line":16,"column":2},"end":{"line":16,"column":21}},"14":{"start":{"line":17,"column":2},"end":{"line":17,"column":25}},"15":{"start":{"line":19,"column":2},"end":{"line":19,"column":21}},"16":{"start":{"line":20,"column":2},"end":{"line":20,"column":25}},"17":{"start":{"line":22,"column":2},"end":{"line":25,"column":4}},"18":{"start":{"line":29,"column":0},"end":{"line":81,"column":0}},"19":{"start":{"line":31,"column":2},"end":{"line":31,"column":30}},"20":{"start":{"line":31,"column":23},"end":{"line":31,"column":30}},"21":{"start":{"line":33,"column":2},"end":{"line":33,"column":20}},"22":{"start":{"line":34,"column":2},"end":{"line":34,"column":34}},"23":{"start":{"line":35,"column":2},"end":{"line":37,"column":3}},"24":{"start":{"line":36,"column":4},"end":{"line":36,"column":20}},"25":{"start":{"line":39,"column":2},"end":{"line":45,"column":3}},"26":{"start":{"line":40,"column":4},"end":{"line":43,"column":2}},"27":{"start":{"line":41,"column":6},"end":{"line":41,"column":35}},"28":{"start":{"line":41,"column":17},"end":{"line":41,"column":34}},"29":{"start":{"line":43,"column":9},"end":{"line":45,"column":3}},"30":{"start":{"line":44,"column":4},"end":{"line":44,"column":31}},"31":{"start":{"line":47,"column":2},"end":{"line":67,"column":3}},"32":{"start":{"line":49,"column":4},"end":{"line":50,"column":4}},"33":{"start":{"line":50,"column":4},"end":{"line":52,"column":2}},"34":{"start":{"line":52,"column":9},"end":{"line":67,"column":3}},"35":{"start":{"line":54,"column":6},"end":{"line":54,"column":32}},"36":{"start":{"line":56,"column":6},"end":{"line":61,"column":7}},"37":{"start":{"line":57,"column":8},"end":{"line":57,"column":71}},"38":{"start":{"line":59,"column":8},"end":{"line":59,"column":54}},"39":{"start":{"line":60,"column":8},"end":{"line":60,"column":28}},"40":{"start":{"line":65,"column":4},"end":{"line":65,"column":24}},"41":{"start":{"line":69,"column":2},"end":{"line":71,"column":3}},"42":{"start":{"line":70,"column":4},"end":{"line":71,"column":2}},"43":{"start":{"line":73,"column":2},"end":{"line":76,"column":3}},"44":{"start":{"line":74,"column":4},"end":{"line":74,"column":29}},"45":{"start":{"line":75,"column":4},"end":{"line":75,"column":27}},"46":{"start":{"line":81,"column":0},"end":{"line":103,"column":0}},"47":{"start":{"line":83,"column":2},"end":{"line":83,"column":43}},"48":{"start":{"line":85,"column":2},"end":{"line":96,"column":2}},"49":{"start":{"line":96,"column":2},"end":{"line":96,"column":12}},"50":{"start":{"line":103,"column":0},"end":{"line":122,"column":0}},"51":{"start":{"line":104,"column":2},"end":{"line":118,"column":3}},"52":{"start":{"line":105,"column":4},"end":{"line":105,"column":29}},"53":{"start":{"line":106,"column":4},"end":{"line":106,"column":43}},"54":{"start":{"line":107,"column":4},"end":{"line":107,"column":31}},"55":{"start":{"line":108,"column":4},"end":{"line":108,"column":52}},"56":{"start":{"line":110,"column":4},"end":{"line":112,"column":5}},"57":{"start":{"line":111,"column":6},"end":{"line":111,"column":29}},"58":{"start":{"line":113,"column":4},"end":{"line":117,"column":5}},"59":{"start":{"line":114,"column":6},"end":{"line":114,"column":18}},"60":{"start":{"line":116,"column":6},"end":{"line":116,"column":22}},"61":{"start":{"line":119,"column":2},"end":{"line":119,"column":15}}},"branchMap":{"1":{"line":13,"type":"binary-expr","locations":[{"start":{"line":13,"column":20},"end":{"line":13,"column":52}},{"start":{"line":13,"column":56},"end":{"line":13,"column":90}}]},"2":{"line":31,"type":"if","locations":[{"start":{"line":31,"column":2},"end":{"line":31,"column":2}},{"start":{"line":31,"column":2},"end":{"line":31,"column":2}}]},"3":{"line":35,"type":"if","locations":[{"start":{"line":35,"column":2},"end":{"line":35,"column":2}},{"start":{"line":35,"column":2},"end":{"line":35,"column":2}}]},"4":{"line":39,"type":"if","locations":[{"start":{"line":39,"column":2},"end":{"line":39,"column":2}},{"start":{"line":39,"column":2},"end":{"line":39,"column":2}}]},"5":{"line":39,"type":"binary-expr","locations":[{"start":{"line":39,"column":6},"end":{"line":39,"column":21}},{"start":{"line":39,"column":26},"end":{"line":39,"column":47}},{"start":{"line":39,"column":51},"end":{"line":39,"column":63}}]},"6":{"line":41,"type":"if","locations":[{"start":{"line":41,"column":6},"end":{"line":41,"column":6}},{"start":{"line":41,"column":6},"end":{"line":41,"column":6}}]},"7":{"line":43,"type":"if","locations":[{"start":{"line":43,"column":9},"end":{"line":43,"column":9}},{"start":{"line":43,"column":9},"end":{"line":43,"column":9}}]},"8":{"line":47,"type":"if","locations":[{"start":{"line":47,"column":2},"end":{"line":47,"column":2}},{"start":{"line":47,"column":2},"end":{"line":47,"column":2}}]},"9":{"line":52,"type":"if","locations":[{"start":{"line":52,"column":9},"end":{"line":52,"column":9}},{"start":{"line":52,"column":9},"end":{"line":52,"column":9}}]},"10":{"line":56,"type":"if","locations":[{"start":{"line":56,"column":6},"end":{"line":56,"column":6}},{"start":{"line":56,"column":6},"end":{"line":56,"column":6}}]},"11":{"line":56,"type":"binary-expr","locations":[{"start":{"line":56,"column":10},"end":{"line":56,"column":58}},{"start":{"line":56,"column":62},"end":{"line":56,"column":92}}]},"12":{"line":69,"type":"if","locations":[{"start":{"line":69,"column":2},"end":{"line":69,"column":2}},{"start":{"line":69,"column":2},"end":{"line":69,"column":2}}]},"13":{"line":73,"type":"if","locations":[{"start":{"line":73,"column":2},"end":{"line":73,"column":2}},{"start":{"line":73,"column":2},"end":{"line":73,"column":2}}]},"14":{"line":73,"type":"binary-expr","locations":[{"start":{"line":73,"column":6},"end":{"line":73,"column":11}},{"start":{"line":73,"column":16},"end":{"line":73,"column":37}},{"start":{"line":73,"column":41},"end":{"line":73,"column":53}}]},"15":{"line":104,"type":"if","locations":[{"start":{"line":104,"column":2},"end":{"line":104,"column":2}},{"start":{"line":104,"column":2},"end":{"line":104,"column":2}}]},"16":{"line":110,"type":"if","locations":[{"start":{"line":110,"column":4},"end":{"line":110,"column":4}},{"start":{"line":110,"column":4},"end":{"line":110,"column":4}}]},"17":{"line":113,"type":"if","locations":[{"start":{"line":113,"column":4},"end":{"line":113,"column":4}},{"start":{"line":113,"column":4},"end":{"line":113,"column":4}}]}}},"/repo/wsjbuild/jenkins-ci/.jenkins_home/jobs/loqui-client/workspace/lib/format.js":{"path":"/repo/wsjbuild/jenkins-ci/.jenkins_home/jobs/loqui-client/workspace/lib/format.js","s":{"1":1,"2":1,"3":1,"4":3,"5":3,"6":1,"7":1,"8":2,"9":1,"10":0,"11":0,"12":0,"13":0,"14":1,"15":0,"16":0,"17":1,"18":1,"19":3},"b":{"1":[1,2],"2":[1,1],"3":[0,1],"4":[0,1]},"f":{"1":3},"fnMap":{"1":{"name":"format","line":7,"loc":{"start":{"line":7,"column":17},"end":{"line":7,"column":35}}}},"statementMap":{"1":{"start":{"line":1,"column":0},"end":{"line":1,"column":27}},"2":{"start":{"line":2,"column":0},"end":{"line":2,"column":32}},"3":{"start":{"line":7,"column":0},"end":{"line":43,"column":2}},"4":{"start":{"line":8,"column":2},"end":{"line":8,"column":23}},"5":{"start":{"line":10,"column":2},"end":{"line":37,"column":3}},"6":{"start":{"line":12,"column":4},"end":{"line":12,"column":20}},"7":{"start":{"line":13,"column":4},"end":{"line":13,"column":25}},"8":{"start":{"line":15,"column":7},"end":{"line":37,"column":3}},"9":{"start":{"line":17,"column":4},"end":{"line":36,"column":5}},"10":{"start":{"line":18,"column":6},"end":{"line":18,"column":25}},"11":{"start":{"line":19,"column":6},"end":{"line":20,"column":6}},"12":{"start":{"line":20,"column":6},"end":{"line":20,"column":19}},"13":{"start":{"line":21,"column":6},"end":{"line":24,"column":8}},"14":{"start":{"line":26,"column":9},"end":{"line":36,"column":5}},"15":{"start":{"line":27,"column":6},"end":{"line":27,"column":22}},"16":{"start":{"line":28,"column":6},"end":{"line":31,"column":8}},"17":{"start":{"line":34,"column":6},"end":{"line":34,"column":25}},"18":{"start":{"line":35,"column":6},"end":{"line":35,"column":27}},"19":{"start":{"line":39,"column":2},"end":{"line":42,"column":4}}},"branchMap":{"1":{"line":10,"type":"if","locations":[{"start":{"line":10,"column":2},"end":{"line":10,"column":2}},{"start":{"line":10,"column":2},"end":{"line":10,"column":2}}]},"2":{"line":15,"type":"if","locations":[{"start":{"line":15,"column":7},"end":{"line":15,"column":7}},{"start":{"line":15,"column":7},"end":{"line":15,"column":7}}]},"3":{"line":17,"type":"if","locations":[{"start":{"line":17,"column":4},"end":{"line":17,"column":4}},{"start":{"line":17,"column":4},"end":{"line":17,"column":4}}]},"4":{"line":26,"type":"if","locations":[{"start":{"line":26,"column":9},"end":{"line":26,"column":9}},{"start":{"line":26,"column":9},"end":{"line":26,"column":9}}]}}},"/repo/wsjbuild/jenkins-ci/.jenkins_home/jobs/loqui-client/workspace/lib/util.js":{"path":"/repo/wsjbuild/jenkins-ci/.jenkins_home/jobs/loqui-client/workspace/lib/util.js","s":{"1":1,"2":5,"3":5,"4":13,"5":5},"b":{},"f":{"1":5},"fnMap":{"1":{"name":"(anonymous_1)","line":1,"loc":{"start":{"line":1,"column":21},"end":{"line":1,"column":32}}}},"statementMap":{"1":{"start":{"line":1,"column":0},"end":{"line":9,"column":0}},"2":{"start":{"line":2,"column":2},"end":{"line":3,"column":2}},"3":{"start":{"line":3,"column":2},"end":{"line":5,"column":3}},"4":{"start":{"line":4,"column":4},"end":{"line":4,"column":20}},"5":{"start":{"line":6,"column":2},"end":{"line":6,"column":15}}},"branchMap":{}},"/repo/wsjbuild/jenkins-ci/.jenkins_home/jobs/loqui-client/workspace/index.js":{"path":"/repo/wsjbuild/jenkins-ci/.jenkins_home/jobs/loqui-client/workspace/index.js","s":{"1":7,"2":7,"3":7,"4":7,"5":7,"6":7,"7":1,"8":6,"9":1,"10":2,"11":1,"12":2,"13":2,"14":1,"15":1,"16":2,"17":7,"18":2,"19":5,"20":1,"21":6,"22":6,"23":1,"24":6,"25":6,"26":1,"27":30,"28":7,"29":0,"30":0,"31":7,"32":7,"33":7,"34":15,"35":7,"36":5,"37":7,"38":5,"39":7,"40":5,"41":7,"42":7},"b":{"1":[7,0],"2":[7,0],"3":[7,5],"4":[7,0],"5":[7,0],"6":[7,0],"7":[7,0],"8":[1,1],"9":[2,5],"10":[6,0],"11":[6,0],"12":[0,0],"13":[7,7]},"f":{"1":7,"2":6,"3":2,"4":2,"5":2,"6":6,"7":6,"8":30,"9":0,"10":15,"11":5,"12":5,"13":5},"fnMap":{"1":{"name":"(anonymous_1)","line":27,"loc":{"start":{"line":27,"column":23},"end":{"line":27,"column":38}}},"2":{"name":"useFileStream","line":36,"loc":{"start":{"line":36,"column":2},"end":{"line":36,"column":27}}},"3":{"name":"useLoquiServer","line":40,"loc":{"start":{"line":40,"column":2},"end":{"line":40,"column":28}}},"4":{"name":"getConnectCb","line":44,"loc":{"start":{"line":44,"column":2},"end":{"line":44,"column":26}}},"5":{"name":"(anonymous_5)","line":45,"loc":{"start":{"line":45,"column":11},"end":{"line":45,"column":32}}},"6":{"name":"putDb","line":61,"loc":{"start":{"line":61,"column":2},"end":{"line":61,"column":30}}},"7":{"name":"batchDb","line":64,"loc":{"start":{"line":64,"column":2},"end":{"line":64,"column":25}}},"8":{"name":"queue","line":68,"loc":{"start":{"line":68,"column":2},"end":{"line":68,"column":30}}},"9":{"name":"(anonymous_9)","line":76,"loc":{"start":{"line":76,"column":15},"end":{"line":76,"column":30}}},"10":{"name":"(anonymous_10)","line":83,"loc":{"start":{"line":83,"column":43},"end":{"line":83,"column":54}}},"11":{"name":"(anonymous_11)","line":87,"loc":{"start":{"line":87,"column":17},"end":{"line":87,"column":28}}},"12":{"name":"(anonymous_12)","line":91,"loc":{"start":{"line":91,"column":19},"end":{"line":91,"column":30}}},"13":{"name":"(anonymous_13)","line":95,"loc":{"start":{"line":95,"column":18},"end":{"line":95,"column":29}}}},"statementMap":{"1":{"start":{"line":1,"column":0},"end":{"line":27,"column":0}},"2":{"start":{"line":27,"column":0},"end":{"line":104,"column":0}},"3":{"start":{"line":29,"column":2},"end":{"line":31,"column":2}},"4":{"start":{"line":31,"column":2},"end":{"line":33,"column":2}},"5":{"start":{"line":33,"column":2},"end":{"line":34,"column":2}},"6":{"start":{"line":34,"column":2},"end":{"line":36,"column":2}},"7":{"start":{"line":36,"column":2},"end":{"line":38,"column":3}},"8":{"start":{"line":37,"column":4},"end":{"line":37,"column":40}},"9":{"start":{"line":40,"column":2},"end":{"line":42,"column":3}},"10":{"start":{"line":41,"column":4},"end":{"line":41,"column":37}},"11":{"start":{"line":44,"column":2},"end":{"line":53,"column":3}},"12":{"start":{"line":45,"column":4},"end":{"line":53,"column":2}},"13":{"start":{"line":46,"column":6},"end":{"line":50,"column":7}},"14":{"start":{"line":47,"column":8},"end":{"line":47,"column":55}},"15":{"start":{"line":49,"column":8},"end":{"line":49,"column":24}},"16":{"start":{"line":51,"column":6},"end":{"line":51,"column":22}},"17":{"start":{"line":55,"column":2},"end":{"line":59,"column":3}},"18":{"start":{"line":56,"column":4},"end":{"line":56,"column":21}},"19":{"start":{"line":58,"column":4},"end":{"line":58,"column":20}},"20":{"start":{"line":61,"column":2},"end":{"line":63,"column":3}},"21":{"start":{"line":62,"column":4},"end":{"line":62,"column":33}},"22":{"start":{"line":62,"column":12},"end":{"line":62,"column":33}},"23":{"start":{"line":64,"column":2},"end":{"line":66,"column":3}},"24":{"start":{"line":65,"column":4},"end":{"line":65,"column":28}},"25":{"start":{"line":65,"column":12},"end":{"line":65,"column":28}},"26":{"start":{"line":68,"column":2},"end":{"line":70,"column":3}},"27":{"start":{"line":69,"column":4},"end":{"line":69,"column":33}},"28":{"start":{"line":76,"column":2},"end":{"line":80,"column":2}},"29":{"start":{"line":77,"column":4},"end":{"line":77,"column":40}},"30":{"start":{"line":77,"column":19},"end":{"line":77,"column":39}},"31":{"start":{"line":80,"column":2},"end":{"line":81,"column":2}},"32":{"start":{"line":81,"column":2},"end":{"line":83,"column":2}},"33":{"start":{"line":83,"column":2},"end":{"line":87,"column":2}},"34":{"start":{"line":84,"column":4},"end":{"line":85,"column":2}},"35":{"start":{"line":87,"column":2},"end":{"line":91,"column":2}},"36":{"start":{"line":88,"column":4},"end":{"line":89,"column":2}},"37":{"start":{"line":91,"column":2},"end":{"line":95,"column":2}},"38":{"start":{"line":92,"column":4},"end":{"line":93,"column":2}},"39":{"start":{"line":95,"column":2},"end":{"line":99,"column":2}},"40":{"start":{"line":96,"column":4},"end":{"line":97,"column":2}},"41":{"start":{"line":99,"column":2},"end":{"line":99,"column":67}},"42":{"start":{"line":101,"column":2},"end":{"line":102,"column":0}}},"branchMap":{"1":{"line":1,"type":"binary-expr","locations":[{"start":{"line":1,"column":19},"end":{"line":1,"column":40}},{"start":{"line":1,"column":44},"end":{"line":1,"column":55}}]},"2":{"line":2,"type":"binary-expr","locations":[{"start":{"line":2,"column":21},"end":{"line":2,"column":39}},{"start":{"line":2,"column":43},"end":{"line":2,"column":57}}]},"3":{"line":3,"type":"binary-expr","locations":[{"start":{"line":3,"column":18},"end":{"line":3,"column":33}},{"start":{"line":3,"column":37},"end":{"line":3,"column":48}}]},"4":{"line":4,"type":"binary-expr","locations":[{"start":{"line":4,"column":32},"end":{"line":4,"column":61}},{"start":{"line":4,"column":65},"end":{"line":4,"column":93}}]},"5":{"line":5,"type":"binary-expr","locations":[{"start":{"line":5,"column":33},"end":{"line":5,"column":63}},{"start":{"line":5,"column":67},"end":{"line":5,"column":96}}]},"6":{"line":6,"type":"binary-expr","locations":[{"start":{"line":6,"column":25},"end":{"line":6,"column":48}},{"start":{"line":6,"column":52},"end":{"line":6,"column":71}}]},"7":{"line":29,"type":"binary-expr","locations":[{"start":{"line":29,"column":9},"end":{"line":29,"column":13}},{"start":{"line":29,"column":17},"end":{"line":29,"column":19}}]},"8":{"line":46,"type":"if","locations":[{"start":{"line":46,"column":6},"end":{"line":46,"column":6}},{"start":{"line":46,"column":6},"end":{"line":46,"column":6}}]},"9":{"line":55,"type":"if","locations":[{"start":{"line":55,"column":2},"end":{"line":55,"column":2}},{"start":{"line":55,"column":2},"end":{"line":55,"column":2}}]},"10":{"line":62,"type":"if","locations":[{"start":{"line":62,"column":4},"end":{"line":62,"column":4}},{"start":{"line":62,"column":4},"end":{"line":62,"column":4}}]},"11":{"line":65,"type":"if","locations":[{"start":{"line":65,"column":4},"end":{"line":65,"column":4}},{"start":{"line":65,"column":4},"end":{"line":65,"column":4}}]},"12":{"line":77,"type":"if","locations":[{"start":{"line":77,"column":4},"end":{"line":77,"column":4}},{"start":{"line":77,"column":4},"end":{"line":77,"column":4}}]},"13":{"line":80,"type":"binary-expr","locations":[{"start":{"line":80,"column":14},"end":{"line":80,"column":21}},{"start":{"line":80,"column":25},"end":{"line":80,"column":34}}]}}},"/repo/wsjbuild/jenkins-ci/.jenkins_home/jobs/loqui-client/workspace/lib/net.js":{"path":"/repo/wsjbuild/jenkins-ci/.jenkins_home/jobs/loqui-client/workspace/lib/net.js","s":{"1":6,"2":6,"3":3,"4":1,"5":2,"6":2,"7":1,"8":1,"9":1,"10":1,"11":6,"12":3,"13":6,"14":6,"15":4,"16":4,"17":1,"18":3,"19":3,"20":2},"b":{"1":[6,3],"2":[1,2],"3":[3,3],"4":[1,1],"5":[4,2],"6":[1,3]},"f":{"1":3,"2":2,"3":3,"4":6,"5":4},"fnMap":{"1":{"name":"(anonymous_1)","line":6,"loc":{"start":{"line":6,"column":18},"end":{"line":6,"column":42}}},"2":{"name":"(anonymous_2)","line":8,"loc":{"start":{"line":8,"column":33},"end":{"line":8,"column":54}}},"3":{"name":"(anonymous_3)","line":20,"loc":{"start":{"line":20,"column":50},"end":{"line":20,"column":70}}},"4":{"name":"(anonymous_4)","line":24,"loc":{"start":{"line":24,"column":48},"end":{"line":24,"column":67}}},"5":{"name":"(anonymous_5)","line":26,"loc":{"start":{"line":26,"column":28},"end":{"line":26,"column":52}}}},"statementMap":{"1":{"start":{"line":1,"column":0},"end":{"line":4,"column":29}},"2":{"start":{"line":6,"column":0},"end":{"line":20,"column":0}},"3":{"start":{"line":7,"column":2},"end":{"line":7,"column":37}},"4":{"start":{"line":7,"column":30},"end":{"line":7,"column":37}},"5":{"start":{"line":8,"column":2},"end":{"line":17,"column":6}},"6":{"start":{"line":9,"column":4},"end":{"line":12,"column":5}},"7":{"start":{"line":10,"column":6},"end":{"line":10,"column":25}},"8":{"start":{"line":11,"column":6},"end":{"line":11,"column":25}},"9":{"start":{"line":13,"column":4},"end":{"line":13,"column":27}},"10":{"start":{"line":14,"column":4},"end":{"line":16,"column":29}},"11":{"start":{"line":20,"column":0},"end":{"line":24,"column":0}},"12":{"start":{"line":21,"column":2},"end":{"line":21,"column":40}},"13":{"start":{"line":24,"column":0},"end":{"line":38,"column":0}},"14":{"start":{"line":25,"column":2},"end":{"line":33,"column":3}},"15":{"start":{"line":26,"column":4},"end":{"line":30,"column":7}},"16":{"start":{"line":27,"column":6},"end":{"line":27,"column":30}},"17":{"start":{"line":27,"column":15},"end":{"line":27,"column":30}},"18":{"start":{"line":28,"column":6},"end":{"line":28,"column":28}},"19":{"start":{"line":29,"column":6},"end":{"line":29,"column":29}},"20":{"start":{"line":32,"column":4},"end":{"line":32,"column":20}}},"branchMap":{"1":{"line":1,"type":"binary-expr","locations":[{"start":{"line":1,"column":23},"end":{"line":1,"column":43}},{"start":{"line":1,"column":47},"end":{"line":1,"column":57}}]},"2":{"line":7,"type":"if","locations":[{"start":{"line":7,"column":2},"end":{"line":7,"column":2}},{"start":{"line":7,"column":2},"end":{"line":7,"column":2}}]},"3":{"line":7,"type":"binary-expr","locations":[{"start":{"line":7,"column":6},"end":{"line":7,"column":11}},{"start":{"line":7,"column":15},"end":{"line":7,"column":28}}]},"4":{"line":9,"type":"if","locations":[{"start":{"line":9,"column":4},"end":{"line":9,"column":4}},{"start":{"line":9,"column":4},"end":{"line":9,"column":4}}]},"5":{"line":25,"type":"if","locations":[{"start":{"line":25,"column":2},"end":{"line":25,"column":2}},{"start":{"line":25,"column":2},"end":{"line":25,"column":2}}]},"6":{"line":27,"type":"if","locations":[{"start":{"line":27,"column":6},"end":{"line":27,"column":6}},{"start":{"line":27,"column":6},"end":{"line":27,"column":6}}]}}},"/repo/wsjbuild/jenkins-ci/.jenkins_home/jobs/loqui-client/workspace/lib/file_stream_db_model.js":{"path":"/repo/wsjbuild/jenkins-ci/.jenkins_home/jobs/loqui-client/workspace/lib/file_stream_db_model.js","s":{"1":6,"2":6,"3":1,"4":6,"5":4,"6":6,"7":3,"8":1,"9":1,"10":2,"11":2,"12":2,"13":2,"14":1,"15":2,"16":6,"17":2,"18":1,"19":1,"20":1,"21":1},"b":{"1":[6,0],"2":[4,2],"3":[1,2],"4":[1,1],"5":[1,1]},"f":{"1":6,"2":3,"3":2,"4":2,"5":1},"fnMap":{"1":{"name":"FileStreamDbModel","line":6,"loc":{"start":{"line":6,"column":0},"end":{"line":6,"column":35}}},"2":{"name":"(anonymous_2)","line":10,"loc":{"start":{"line":10,"column":36},"end":{"line":10,"column":52}}},"3":{"name":"(anonymous_3)","line":17,"loc":{"start":{"line":17,"column":50},"end":{"line":17,"column":64}}},"4":{"name":"(anonymous_4)","line":23,"loc":{"start":{"line":23,"column":34},"end":{"line":23,"column":65}}},"5":{"name":"(anonymous_5)","line":26,"loc":{"start":{"line":26,"column":31},"end":{"line":26,"column":45}}}},"statementMap":{"1":{"start":{"line":1,"column":0},"end":{"line":2,"column":29}},"2":{"start":{"line":4,"column":0},"end":{"line":4,"column":45}},"3":{"start":{"line":6,"column":0},"end":{"line":8,"column":1}},"4":{"start":{"line":7,"column":2},"end":{"line":7,"column":76}},"5":{"start":{"line":7,"column":15},"end":{"line":7,"column":76}},"6":{"start":{"line":10,"column":0},"end":{"line":23,"column":0}},"7":{"start":{"line":11,"column":2},"end":{"line":14,"column":3}},"8":{"start":{"line":12,"column":4},"end":{"line":13,"column":4}},"9":{"start":{"line":13,"column":4},"end":{"line":13,"column":11}},"10":{"start":{"line":15,"column":2},"end":{"line":15,"column":36}},"11":{"start":{"line":16,"column":2},"end":{"line":17,"column":2}},"12":{"start":{"line":17,"column":2},"end":{"line":20,"column":5}},"13":{"start":{"line":18,"column":4},"end":{"line":18,"column":33}},"14":{"start":{"line":18,"column":15},"end":{"line":18,"column":32}},"15":{"start":{"line":19,"column":4},"end":{"line":20,"column":2}},"16":{"start":{"line":23,"column":0},"end":{"line":31,"column":0}},"17":{"start":{"line":24,"column":2},"end":{"line":24,"column":39}},"18":{"start":{"line":24,"column":21},"end":{"line":24,"column":39}},"19":{"start":{"line":25,"column":2},"end":{"line":25,"column":53}},"20":{"start":{"line":26,"column":2},"end":{"line":28,"column":5}},"21":{"start":{"line":27,"column":4},"end":{"line":27,"column":18}}},"branchMap":{"1":{"line":1,"type":"binary-expr","locations":[{"start":{"line":1,"column":17},"end":{"line":1,"column":31}},{"start":{"line":1,"column":35},"end":{"line":1,"column":39}}]},"2":{"line":7,"type":"if","locations":[{"start":{"line":7,"column":2},"end":{"line":7,"column":2}},{"start":{"line":7,"column":2},"end":{"line":7,"column":2}}]},"3":{"line":11,"type":"if","locations":[{"start":{"line":11,"column":2},"end":{"line":11,"column":2}},{"start":{"line":11,"column":2},"end":{"line":11,"column":2}}]},"4":{"line":18,"type":"if","locations":[{"start":{"line":18,"column":4},"end":{"line":18,"column":4}},{"start":{"line":18,"column":4},"end":{"line":18,"column":4}}]},"5":{"line":24,"type":"if","locations":[{"start":{"line":24,"column":2},"end":{"line":24,"column":2}},{"start":{"line":24,"column":2},"end":{"line":24,"column":2}}]}}},"/repo/wsjbuild/jenkins-ci/.jenkins_home/jobs/loqui-client/workspace/lib/loqui_client_db_model.js":{"path":"/repo/wsjbuild/jenkins-ci/.jenkins_home/jobs/loqui-client/workspace/lib/loqui_client_db_model.js","s":{"1":4,"2":4,"3":1,"4":4,"5":0,"6":4,"7":4,"8":4,"9":4,"10":2,"11":2,"12":2,"13":2,"14":1,"15":2,"16":4,"17":1},"b":{"1":[4,0],"2":[0,4],"3":[1,1]},"f":{"1":4,"2":2,"3":2,"4":1},"fnMap":{"1":{"name":"LoquiClientDbModel","line":6,"loc":{"start":{"line":6,"column":0},"end":{"line":6,"column":51}}},"2":{"name":"(anonymous_2)","line":13,"loc":{"start":{"line":13,"column":37},"end":{"line":13,"column":52}}},"3":{"name":"(anonymous_3)","line":16,"loc":{"start":{"line":16,"column":37},"end":{"line":16,"column":51}}},"4":{"name":"(anonymous_4)","line":22,"loc":{"start":{"line":22,"column":35},"end":{"line":22,"column":66}}}},"statementMap":{"1":{"start":{"line":1,"column":0},"end":{"line":4,"column":0}},"2":{"start":{"line":4,"column":0},"end":{"line":4,"column":46}},"3":{"start":{"line":6,"column":0},"end":{"line":11,"column":1}},"4":{"start":{"line":7,"column":2},"end":{"line":7,"column":36}},"5":{"start":{"line":7,"column":29},"end":{"line":7,"column":36}},"6":{"start":{"line":8,"column":2},"end":{"line":8,"column":31}},"7":{"start":{"line":9,"column":2},"end":{"line":9,"column":47}},"8":{"start":{"line":10,"column":2},"end":{"line":10,"column":71}},"9":{"start":{"line":13,"column":0},"end":{"line":22,"column":0}},"10":{"start":{"line":14,"column":2},"end":{"line":14,"column":36}},"11":{"start":{"line":15,"column":2},"end":{"line":16,"column":2}},"12":{"start":{"line":16,"column":2},"end":{"line":20,"column":0}},"13":{"start":{"line":17,"column":4},"end":{"line":17,"column":33}},"14":{"start":{"line":17,"column":15},"end":{"line":17,"column":32}},"15":{"start":{"line":18,"column":4},"end":{"line":19,"column":2}},"16":{"start":{"line":22,"column":0},"end":{"line":26,"column":0}},"17":{"start":{"line":23,"column":2},"end":{"line":23,"column":49}}},"branchMap":{"1":{"line":1,"type":"binary-expr","locations":[{"start":{"line":1,"column":25},"end":{"line":1,"column":47}},{"start":{"line":1,"column":51},"end":{"line":1,"column":63}}]},"2":{"line":7,"type":"if","locations":[{"start":{"line":7,"column":2},"end":{"line":7,"column":2}},{"start":{"line":7,"column":2},"end":{"line":7,"column":2}}]},"3":{"line":17,"type":"if","locations":[{"start":{"line":17,"column":4},"end":{"line":17,"column":4}},{"start":{"line":17,"column":4},"end":{"line":17,"column":4}}]}}}}